<?xml version="1.0" encoding="UTF-8"?>
<!-- Generated by org.testng.reporters.JUnitReportReporter -->
<testsuite skipped="0" hostname="Riyaz" name="sampletestNG.testNG" tests="3" failures="0" timestamp="27 Jun 2020 12:19:01 GMT" time="0.051" errors="0">
  <testcase name="googleTitleTest" time="0.005" classname="sampletestNG.testNG"/>
  <testcase name="search" time="0.007" classname="sampletestNG.testNG"/>
  <testcase name="googleLogo" time="0.039" classname="sampletestNG.testNG"/>
</testsuite> <!-- sampletestNG.testNG -->
