<?xml version="1.0" encoding="UTF-8"?>
<!-- Generated by org.testng.reporters.JUnitReportReporter -->
<testsuite skipped="0" hostname="Riyaz" name="sampletestNG.infiniteLoopTest" tests="1" failures="0" timestamp="27 Jun 2020 12:31:28 GMT" time="0.060" errors="0">
  <testcase name="test1" time="0.060" classname="sampletestNG.infiniteLoopTest"/>
</testsuite> <!-- sampletestNG.infiniteLoopTest -->
